<?xml version="1.0" encoding="UTF-8"?>
<!-- Generated by org.testng.reporters.JUnitReportReporter -->
<testsuite skipped="0" hostname="MICROSOFT-PC" name="tests.SearchResultsTests" tests="13" failures="0" timestamp="04 мар 2021 09:46:43 GMT" time="153.822" errors="0">
  <testcase name="testClickBet" time="8.849" classname="tests.SearchResultsTests"/>
  <testcase name="testNegativeSearchFromSearchResults" time="8.970" classname="tests.SearchResultsTests"/>
  <testcase name="testNoResultsAreDisplayed" time="19.590" classname="tests.SearchResultsTests"/>
  <testcase name="testSearchValueMatchesValueAtSearchResults" time="9.395" classname="tests.SearchResultsTests"/>
  <testcase name="testNewTabWithSearchResultContainsSearchValue" time="18.646" classname="tests.SearchResultsTests"/>
  <testcase name="testAllSearchResultsContainsSearchValue" time="24.331" classname="tests.SearchResultsTests"/>
  <testcase name="testPositiveSearchFromSearchResults" time="8.806" classname="tests.SearchResultsTests"/>
  <testcase name="testEmptySearchFromSearchResults" time="9.153" classname="tests.SearchResultsTests"/>
  <testcase name="testLiveResultsAreNotDisplayed" time="8.480" classname="tests.SearchResultsTests"/>
  <testcase name="testCloseSearchResultsPopup" time="9.554" classname="tests.SearchResultsTests"/>
  <testcase name="testNumberOfSearchResultsMatchesReality" time="9.593" classname="tests.SearchResultsTests"/>
  <testcase name="testSportsResultsAreNotDisplayed" time="9.032" classname="tests.SearchResultsTests"/>
  <testcase name="testClearSearchResultsInput" time="9.423" classname="tests.SearchResultsTests"/>
</testsuite> <!-- tests.SearchResultsTests -->
